[1.521s] DEBUG:colcon:Command line arguments: ['/usr/bin/colcon', 'build']
[1.522s] DEBUG:colcon:Parsed command line arguments: Namespace(log_base=None, log_level=None, verb_name='build', build_base='build', install_base='install', merge_install=False, symlink_install=False, test_result_base=None, continue_on_error=False, executor='parallel', parallel_workers=2, event_handlers=None, ignore_user_meta=False, metas=['./colcon.meta'], base_paths=['.'], packages_ignore=None, packages_ignore_regex=None, paths=None, packages_up_to=None, packages_up_to_regex=None, packages_above=None, packages_above_and_dependencies=None, packages_above_depth=None, packages_select_by_dep=None, packages_skip_by_dep=None, packages_skip_up_to=None, packages_select_build_failed=False, packages_skip_build_finished=False, packages_select_test_failures=False, packages_skip_test_passed=False, packages_select=None, packages_skip=None, packages_select_regex=None, packages_skip_regex=None, packages_start=None, packages_end=None, allow_overriding=[], cmake_args=None, cmake_target=None, cmake_target_skip_unavailable=False, cmake_clean_cache=False, cmake_clean_first=False, cmake_force_configure=False, ament_cmake_args=None, catkin_cmake_args=None, catkin_skip_building_tests=False, mixin_files=None, mixin=None, verb_parser=<colcon_mixin.mixin.mixin_argument.MixinArgumentDecorator object at 0x7e4095958f70>, verb_extension=<colcon_core.verb.build.BuildVerb object at 0x7e4095958a30>, main=<bound method BuildVerb.main of <colcon_core.verb.build.BuildVerb object at 0x7e4095958a30>>, mixin_verb=('build',))
[3.281s] Level 1:colcon.colcon_core.package_discovery:discover_packages(colcon_meta) check parameters
[3.281s] Level 1:colcon.colcon_core.package_discovery:discover_packages(recursive) check parameters
[3.281s] Level 1:colcon.colcon_core.package_discovery:discover_packages(ignore) check parameters
[3.281s] Level 1:colcon.colcon_core.package_discovery:discover_packages(path) check parameters
[3.281s] Level 1:colcon.colcon_core.package_discovery:discover_packages(colcon_meta) discover
[3.281s] Level 1:colcon.colcon_core.package_discovery:discover_packages(recursive) discover
[3.281s] INFO:colcon.colcon_core.package_discovery:Crawling recursively for packages in '/home/mkmk/ros2_ws'
[3.282s] Level 1:colcon.colcon_core.package_identification:_identify(.) by extensions ['ignore', 'ignore_ament_install']
[3.282s] Level 1:colcon.colcon_core.package_identification:_identify(.) by extension 'ignore'
[3.282s] Level 1:colcon.colcon_core.package_identification:_identify(.) by extension 'ignore_ament_install'
[3.282s] Level 1:colcon.colcon_core.package_identification:_identify(.) by extensions ['colcon_pkg']
[3.282s] Level 1:colcon.colcon_core.package_identification:_identify(.) by extension 'colcon_pkg'
[3.282s] Level 1:colcon.colcon_core.package_identification:_identify(.) by extensions ['colcon_meta']
[3.282s] Level 1:colcon.colcon_core.package_identification:_identify(.) by extension 'colcon_meta'
[3.283s] Level 1:colcon.colcon_core.package_identification:_identify(.) by extensions ['ros']
[3.283s] Level 1:colcon.colcon_core.package_identification:_identify(.) by extension 'ros'
[3.309s] Level 1:colcon.colcon_core.package_identification:_identify(.) by extensions ['cmake', 'python']
[3.310s] Level 1:colcon.colcon_core.package_identification:_identify(.) by extension 'cmake'
[3.310s] Level 1:colcon.colcon_core.package_identification:_identify(.) by extension 'python'
[3.310s] Level 1:colcon.colcon_core.package_identification:_identify(.) by extensions ['python_setup_py']
[3.310s] Level 1:colcon.colcon_core.package_identification:_identify(.) by extension 'python_setup_py'
[3.310s] Level 1:colcon.colcon_core.package_identification:_identify(build) by extensions ['ignore', 'ignore_ament_install']
[3.312s] Level 1:colcon.colcon_core.package_identification:_identify(build) by extension 'ignore'
[3.312s] Level 1:colcon.colcon_core.package_identification:_identify(build) ignored
[3.312s] Level 1:colcon.colcon_core.package_identification:_identify(install) by extensions ['ignore', 'ignore_ament_install']
[3.312s] Level 1:colcon.colcon_core.package_identification:_identify(install) by extension 'ignore'
[3.312s] Level 1:colcon.colcon_core.package_identification:_identify(install) ignored
[3.313s] Level 1:colcon.colcon_core.package_identification:_identify(log) by extensions ['ignore', 'ignore_ament_install']
[3.313s] Level 1:colcon.colcon_core.package_identification:_identify(log) by extension 'ignore'
[3.313s] Level 1:colcon.colcon_core.package_identification:_identify(log) ignored
[3.313s] Level 1:colcon.colcon_core.package_identification:_identify(src) by extensions ['ignore', 'ignore_ament_install']
[3.313s] Level 1:colcon.colcon_core.package_identification:_identify(src) by extension 'ignore'
[3.313s] Level 1:colcon.colcon_core.package_identification:_identify(src) by extension 'ignore_ament_install'
[3.313s] Level 1:colcon.colcon_core.package_identification:_identify(src) by extensions ['colcon_pkg']
[3.313s] Level 1:colcon.colcon_core.package_identification:_identify(src) by extension 'colcon_pkg'
[3.313s] Level 1:colcon.colcon_core.package_identification:_identify(src) by extensions ['colcon_meta']
[3.314s] Level 1:colcon.colcon_core.package_identification:_identify(src) by extension 'colcon_meta'
[3.314s] Level 1:colcon.colcon_core.package_identification:_identify(src) by extensions ['ros']
[3.314s] Level 1:colcon.colcon_core.package_identification:_identify(src) by extension 'ros'
[3.314s] Level 1:colcon.colcon_core.package_identification:_identify(src) by extensions ['cmake', 'python']
[3.314s] Level 1:colcon.colcon_core.package_identification:_identify(src) by extension 'cmake'
[3.314s] Level 1:colcon.colcon_core.package_identification:_identify(src) by extension 'python'
[3.314s] Level 1:colcon.colcon_core.package_identification:_identify(src) by extensions ['python_setup_py']
[3.314s] Level 1:colcon.colcon_core.package_identification:_identify(src) by extension 'python_setup_py'
[3.314s] Level 1:colcon.colcon_core.package_identification:_identify(src/distance_sensor) by extensions ['ignore', 'ignore_ament_install']
[3.315s] Level 1:colcon.colcon_core.package_identification:_identify(src/distance_sensor) by extension 'ignore'
[3.315s] Level 1:colcon.colcon_core.package_identification:_identify(src/distance_sensor) by extension 'ignore_ament_install'
[3.315s] Level 1:colcon.colcon_core.package_identification:_identify(src/distance_sensor) by extensions ['colcon_pkg']
[3.315s] Level 1:colcon.colcon_core.package_identification:_identify(src/distance_sensor) by extension 'colcon_pkg'
[3.315s] Level 1:colcon.colcon_core.package_identification:_identify(src/distance_sensor) by extensions ['colcon_meta']
[3.315s] Level 1:colcon.colcon_core.package_identification:_identify(src/distance_sensor) by extension 'colcon_meta'
[3.315s] Level 1:colcon.colcon_core.package_identification:_identify(src/distance_sensor) by extensions ['ros']
[3.315s] Level 1:colcon.colcon_core.package_identification:_identify(src/distance_sensor) by extension 'ros'
[3.356s] DEBUG:colcon.colcon_core.package_identification:Package 'src/distance_sensor' with type 'ros.ament_python' and name 'distance_sensor'
[3.356s] Level 1:colcon.colcon_core.package_discovery:discover_packages(recursive) using defaults
[3.357s] Level 1:colcon.colcon_core.package_discovery:discover_packages(ignore) discover
[3.357s] Level 1:colcon.colcon_core.package_discovery:discover_packages(ignore) using defaults
[3.358s] Level 1:colcon.colcon_core.package_discovery:discover_packages(path) discover
[3.358s] Level 1:colcon.colcon_core.package_discovery:discover_packages(path) using defaults
[3.575s] Level 1:colcon.colcon_core.package_discovery:discover_packages(prefix_path) check parameters
[3.575s] Level 1:colcon.colcon_core.package_discovery:discover_packages(prefix_path) discover
[3.605s] DEBUG:colcon.colcon_installed_package_information.package_discovery:Found 273 installed packages in /opt/ros/humble
[3.608s] Level 1:colcon.colcon_core.package_discovery:discover_packages(prefix_path) using defaults
[3.715s] Level 5:colcon.colcon_core.verb:set package 'distance_sensor' build argument 'cmake_args' from command line to 'None'
[3.716s] Level 5:colcon.colcon_core.verb:set package 'distance_sensor' build argument 'cmake_target' from command line to 'None'
[3.716s] Level 5:colcon.colcon_core.verb:set package 'distance_sensor' build argument 'cmake_target_skip_unavailable' from command line to 'False'
[3.716s] Level 5:colcon.colcon_core.verb:set package 'distance_sensor' build argument 'cmake_clean_cache' from command line to 'False'
[3.716s] Level 5:colcon.colcon_core.verb:set package 'distance_sensor' build argument 'cmake_clean_first' from command line to 'False'
[3.716s] Level 5:colcon.colcon_core.verb:set package 'distance_sensor' build argument 'cmake_force_configure' from command line to 'False'
[3.716s] Level 5:colcon.colcon_core.verb:set package 'distance_sensor' build argument 'ament_cmake_args' from command line to 'None'
[3.716s] Level 5:colcon.colcon_core.verb:set package 'distance_sensor' build argument 'catkin_cmake_args' from command line to 'None'
[3.716s] Level 5:colcon.colcon_core.verb:set package 'distance_sensor' build argument 'catkin_skip_building_tests' from command line to 'False'
[3.716s] DEBUG:colcon.colcon_core.verb:Building package 'distance_sensor' with the following arguments: {'ament_cmake_args': None, 'build_base': '/home/mkmk/ros2_ws/build/distance_sensor', 'catkin_cmake_args': None, 'catkin_skip_building_tests': False, 'cmake_args': None, 'cmake_clean_cache': False, 'cmake_clean_first': False, 'cmake_force_configure': False, 'cmake_target': None, 'cmake_target_skip_unavailable': False, 'install_base': '/home/mkmk/ros2_ws/install/distance_sensor', 'merge_install': False, 'path': '/home/mkmk/ros2_ws/src/distance_sensor', 'symlink_install': False, 'test_result_base': None}
[3.716s] INFO:colcon.colcon_core.executor:Executing jobs using 'parallel' executor
[3.726s] DEBUG:colcon.colcon_parallel_executor.executor.parallel:run_until_complete
[3.728s] INFO:colcon.colcon_ros.task.ament_python.build:Building ROS package in '/home/mkmk/ros2_ws/src/distance_sensor' with build type 'ament_python'
[3.729s] Level 1:colcon.colcon_core.shell:create_environment_hook('distance_sensor', 'ament_prefix_path')
[3.836s] INFO:colcon.colcon_core.plugin_system:Skipping extension 'colcon_core.shell.bat': Not used on non-Windows systems
[3.836s] INFO:colcon.colcon_core.shell:Creating environment hook '/home/mkmk/ros2_ws/install/distance_sensor/share/distance_sensor/hook/ament_prefix_path.ps1'
[3.844s] INFO:colcon.colcon_core.shell:Creating environment descriptor '/home/mkmk/ros2_ws/install/distance_sensor/share/distance_sensor/hook/ament_prefix_path.dsv'
[3.847s] INFO:colcon.colcon_core.shell:Creating environment hook '/home/mkmk/ros2_ws/install/distance_sensor/share/distance_sensor/hook/ament_prefix_path.sh'
[3.859s] INFO:colcon.colcon_core.shell:Skip shell extension 'powershell' for command environment: Not usable outside of PowerShell
[3.859s] DEBUG:colcon.colcon_core.shell:Skip shell extension 'dsv' for command environment
[4.538s] INFO:colcon.colcon_core.task.python.build:Building Python package in '/home/mkmk/ros2_ws/src/distance_sensor'
[4.539s] INFO:colcon.colcon_core.shell:Skip shell extension 'powershell' for command environment: Not usable outside of PowerShell
[4.539s] DEBUG:colcon.colcon_core.shell:Skip shell extension 'dsv' for command environment
[6.246s] DEBUG:colcon.colcon_core.event_handler.log_command:Invoking command in '/home/mkmk/ros2_ws/src/distance_sensor': PYTHONPATH=/home/mkmk/ros2_ws/build/distance_sensor/prefix_override:/usr/lib/python3/dist-packages/colcon_core/task/python/colcon_distutils_commands:/home/mkmk/ros2_ws/install/distance_sensor/lib/python3.10/site-packages:${PYTHONPATH} /usr/bin/python3 -W ignore:setup.py install is deprecated -W ignore:easy_install command is deprecated setup.py egg_info --egg-base ../../build/distance_sensor build --build-base /home/mkmk/ros2_ws/build/distance_sensor/build install --record /home/mkmk/ros2_ws/build/distance_sensor/install.log --single-version-externally-managed install_data
[7.140s] DEBUG:colcon.colcon_core.event_handler.log_command:Invoked command in '/home/mkmk/ros2_ws/src/distance_sensor' returned '0': PYTHONPATH=/home/mkmk/ros2_ws/build/distance_sensor/prefix_override:/usr/lib/python3/dist-packages/colcon_core/task/python/colcon_distutils_commands:/home/mkmk/ros2_ws/install/distance_sensor/lib/python3.10/site-packages:${PYTHONPATH} /usr/bin/python3 -W ignore:setup.py install is deprecated -W ignore:easy_install command is deprecated setup.py egg_info --egg-base ../../build/distance_sensor build --build-base /home/mkmk/ros2_ws/build/distance_sensor/build install --record /home/mkmk/ros2_ws/build/distance_sensor/install.log --single-version-externally-managed install_data
[7.242s] Level 1:colcon.colcon_core.environment:checking '/home/mkmk/ros2_ws/install/distance_sensor' for CMake module files
[7.243s] Level 1:colcon.colcon_core.environment:checking '/home/mkmk/ros2_ws/install/distance_sensor' for CMake config files
[7.245s] Level 1:colcon.colcon_core.environment:checking '/home/mkmk/ros2_ws/install/distance_sensor/lib'
[7.245s] Level 1:colcon.colcon_core.environment:checking '/home/mkmk/ros2_ws/install/distance_sensor/bin'
[7.245s] Level 1:colcon.colcon_core.environment:checking '/home/mkmk/ros2_ws/install/distance_sensor/lib/pkgconfig/distance_sensor.pc'
[7.245s] Level 1:colcon.colcon_core.environment:checking '/home/mkmk/ros2_ws/install/distance_sensor/lib/python3.10/site-packages'
[7.246s] Level 1:colcon.colcon_core.shell:create_environment_hook('distance_sensor', 'pythonpath')
[7.247s] INFO:colcon.colcon_core.shell:Creating environment hook '/home/mkmk/ros2_ws/install/distance_sensor/share/distance_sensor/hook/pythonpath.ps1'
[7.248s] INFO:colcon.colcon_core.shell:Creating environment descriptor '/home/mkmk/ros2_ws/install/distance_sensor/share/distance_sensor/hook/pythonpath.dsv'
[7.249s] INFO:colcon.colcon_core.shell:Creating environment hook '/home/mkmk/ros2_ws/install/distance_sensor/share/distance_sensor/hook/pythonpath.sh'
[7.251s] Level 1:colcon.colcon_core.environment:checking '/home/mkmk/ros2_ws/install/distance_sensor/bin'
[7.251s] Level 1:colcon.colcon_core.environment:create_environment_scripts_only(distance_sensor)
[7.252s] INFO:colcon.colcon_core.shell:Creating package script '/home/mkmk/ros2_ws/install/distance_sensor/share/distance_sensor/package.ps1'
[7.258s] INFO:colcon.colcon_core.shell:Creating package descriptor '/home/mkmk/ros2_ws/install/distance_sensor/share/distance_sensor/package.dsv'
[7.262s] INFO:colcon.colcon_core.shell:Creating package script '/home/mkmk/ros2_ws/install/distance_sensor/share/distance_sensor/package.sh'
[7.266s] INFO:colcon.colcon_core.shell:Creating package script '/home/mkmk/ros2_ws/install/distance_sensor/share/distance_sensor/package.bash'
[7.275s] INFO:colcon.colcon_core.shell:Creating package script '/home/mkmk/ros2_ws/install/distance_sensor/share/distance_sensor/package.zsh'
[7.282s] Level 1:colcon.colcon_core.environment:create_file_with_runtime_dependencies(/home/mkmk/ros2_ws/install/distance_sensor/share/colcon-core/packages/distance_sensor)
[7.283s] DEBUG:colcon.colcon_parallel_executor.executor.parallel:closing loop
[7.286s] DEBUG:colcon.colcon_parallel_executor.executor.parallel:loop closed
[7.286s] DEBUG:colcon.colcon_parallel_executor.executor.parallel:run_until_complete finished with '0'
[7.286s] DEBUG:colcon.colcon_core.event_reactor:joining thread
[7.355s] INFO:colcon.colcon_core.plugin_system:Skipping extension 'colcon_notification.desktop_notification.terminal_notifier': Not used on non-Darwin systems
[7.356s] INFO:colcon.colcon_core.plugin_system:Skipping extension 'colcon_notification.desktop_notification.win32': Not used on non-Windows systems
[7.356s] INFO:colcon.colcon_notification.desktop_notification:Sending desktop notification using 'notify2'
[7.934s] DEBUG:colcon.colcon_core.event_reactor:joined thread
[7.935s] INFO:colcon.colcon_core.shell:Creating prefix script '/home/mkmk/ros2_ws/install/local_setup.ps1'
[7.942s] INFO:colcon.colcon_core.shell:Creating prefix util module '/home/mkmk/ros2_ws/install/_local_setup_util_ps1.py'
[7.947s] INFO:colcon.colcon_core.shell:Creating prefix chain script '/home/mkmk/ros2_ws/install/setup.ps1'
[7.952s] INFO:colcon.colcon_core.shell:Creating prefix script '/home/mkmk/ros2_ws/install/local_setup.sh'
[7.957s] INFO:colcon.colcon_core.shell:Creating prefix util module '/home/mkmk/ros2_ws/install/_local_setup_util_sh.py'
[7.958s] INFO:colcon.colcon_core.shell:Creating prefix chain script '/home/mkmk/ros2_ws/install/setup.sh'
[7.971s] INFO:colcon.colcon_core.shell:Creating prefix script '/home/mkmk/ros2_ws/install/local_setup.bash'
[7.981s] INFO:colcon.colcon_core.shell:Creating prefix chain script '/home/mkmk/ros2_ws/install/setup.bash'
[7.987s] INFO:colcon.colcon_core.shell:Creating prefix script '/home/mkmk/ros2_ws/install/local_setup.zsh'
[7.990s] INFO:colcon.colcon_core.shell:Creating prefix chain script '/home/mkmk/ros2_ws/install/setup.zsh'
