[2.517s] Invoking command in '/home/mkmk/ros2_ws/src/distance_sensor': PYTHONPATH=/home/mkmk/ros2_ws/build/distance_sensor/prefix_override:/usr/lib/python3/dist-packages/colcon_core/task/python/colcon_distutils_commands:/home/mkmk/ros2_ws/install/distance_sensor/lib/python3.10/site-packages:${PYTHONPATH} /usr/bin/python3 -W ignore:setup.py install is deprecated -W ignore:easy_install command is deprecated setup.py egg_info --egg-base ../../build/distance_sensor build --build-base /home/mkmk/ros2_ws/build/distance_sensor/build install --record /home/mkmk/ros2_ws/build/distance_sensor/install.log --single-version-externally-managed install_data
[3.089s] running egg_info
[3.101s] creating ../../build/distance_sensor/distance_sensor.egg-info
[3.126s] writing ../../build/distance_sensor/distance_sensor.egg-info/PKG-INFO
[3.126s] writing dependency_links to ../../build/distance_sensor/distance_sensor.egg-info/dependency_links.txt
[3.126s] writing entry points to ../../build/distance_sensor/distance_sensor.egg-info/entry_points.txt
[3.126s] writing requirements to ../../build/distance_sensor/distance_sensor.egg-info/requires.txt
[3.145s] writing top-level names to ../../build/distance_sensor/distance_sensor.egg-info/top_level.txt
[3.145s] writing manifest file '../../build/distance_sensor/distance_sensor.egg-info/SOURCES.txt'
[3.145s] reading manifest file '../../build/distance_sensor/distance_sensor.egg-info/SOURCES.txt'
[3.145s] writing manifest file '../../build/distance_sensor/distance_sensor.egg-info/SOURCES.txt'
[3.145s] running build
[3.145s] running build_py
[3.145s] creating /home/mkmk/ros2_ws/build/distance_sensor/build
[3.146s] creating /home/mkmk/ros2_ws/build/distance_sensor/build/lib
[3.146s] creating /home/mkmk/ros2_ws/build/distance_sensor/build/lib/distance_sensor
[3.146s] copying distance_sensor/subscriber.py -> /home/mkmk/ros2_ws/build/distance_sensor/build/lib/distance_sensor
[3.146s] copying distance_sensor/publisher.py -> /home/mkmk/ros2_ws/build/distance_sensor/build/lib/distance_sensor
[3.146s] copying distance_sensor/__init__.py -> /home/mkmk/ros2_ws/build/distance_sensor/build/lib/distance_sensor
[3.146s] running install
[3.146s] running install_lib
[3.146s] creating /home/mkmk/ros2_ws/install/distance_sensor/lib/python3.10/site-packages/distance_sensor
[3.146s] copying /home/mkmk/ros2_ws/build/distance_sensor/build/lib/distance_sensor/subscriber.py -> /home/mkmk/ros2_ws/install/distance_sensor/lib/python3.10/site-packages/distance_sensor
[3.146s] copying /home/mkmk/ros2_ws/build/distance_sensor/build/lib/distance_sensor/publisher.py -> /home/mkmk/ros2_ws/install/distance_sensor/lib/python3.10/site-packages/distance_sensor
[3.146s] copying /home/mkmk/ros2_ws/build/distance_sensor/build/lib/distance_sensor/__init__.py -> /home/mkmk/ros2_ws/install/distance_sensor/lib/python3.10/site-packages/distance_sensor
[3.147s] byte-compiling /home/mkmk/ros2_ws/install/distance_sensor/lib/python3.10/site-packages/distance_sensor/subscriber.py to subscriber.cpython-310.pyc
[3.147s] byte-compiling /home/mkmk/ros2_ws/install/distance_sensor/lib/python3.10/site-packages/distance_sensor/publisher.py to publisher.cpython-310.pyc
[3.147s] byte-compiling /home/mkmk/ros2_ws/install/distance_sensor/lib/python3.10/site-packages/distance_sensor/__init__.py to __init__.cpython-310.pyc
[3.147s] running install_data
[3.147s] creating /home/mkmk/ros2_ws/install/distance_sensor/share/ament_index
[3.147s] creating /home/mkmk/ros2_ws/install/distance_sensor/share/ament_index/resource_index
[3.147s] creating /home/mkmk/ros2_ws/install/distance_sensor/share/ament_index/resource_index/packages
[3.147s] copying resource/distance_sensor -> /home/mkmk/ros2_ws/install/distance_sensor/share/ament_index/resource_index/packages
[3.147s] copying package.xml -> /home/mkmk/ros2_ws/install/distance_sensor/share/distance_sensor
[3.148s] running install_egg_info
[3.161s] Copying ../../build/distance_sensor/distance_sensor.egg-info to /home/mkmk/ros2_ws/install/distance_sensor/lib/python3.10/site-packages/distance_sensor-0.0.0-py3.10.egg-info
[3.165s] running install_scripts
[3.316s] Installing publisher script to /home/mkmk/ros2_ws/install/distance_sensor/lib/distance_sensor
[3.317s] Installing subscriber script to /home/mkmk/ros2_ws/install/distance_sensor/lib/distance_sensor
[3.319s] writing list of installed files to '/home/mkmk/ros2_ws/build/distance_sensor/install.log'
[3.412s] Invoked command in '/home/mkmk/ros2_ws/src/distance_sensor' returned '0': PYTHONPATH=/home/mkmk/ros2_ws/build/distance_sensor/prefix_override:/usr/lib/python3/dist-packages/colcon_core/task/python/colcon_distutils_commands:/home/mkmk/ros2_ws/install/distance_sensor/lib/python3.10/site-packages:${PYTHONPATH} /usr/bin/python3 -W ignore:setup.py install is deprecated -W ignore:easy_install command is deprecated setup.py egg_info --egg-base ../../build/distance_sensor build --build-base /home/mkmk/ros2_ws/build/distance_sensor/build install --record /home/mkmk/ros2_ws/build/distance_sensor/install.log --single-version-externally-managed install_data
